Drill report for /home/jacob/Desktop/portalgun/portalgun.kicad_pcb
Created on Sat 26 Jun 2021 03:26:51 PM CDT

Copper Layer Stackup:
    =============================================================
    L1 :  F.Cu                      front
    L2 :  In1.Cu                    in1
    L3 :  In2.Cu                    in2
    L4 :  B.Cu                      back


Drill file 'portalgun-PTH.drl' contains
    plated through holes:
    =============================================================
    T1  0.300mm  0.0118"  (43 holes)
    T2  0.381mm  0.0150"  (7 holes)
    T3  0.400mm  0.0157"  (52 holes)
    T4  0.500mm  0.0197"  (11 holes)
    T5  1.000mm  0.0394"  (18 holes)

    Total plated holes count 131


Drill file 'portalgun-NPTH.drl' contains
    unplated through holes:
    =============================================================
    T1  2.500mm  0.0984"  (2 holes)

    Total unplated holes count 2
